<?xml version="1.0" encoding="UTF-8"?>
<testsuite xmlns:xsi="http://www.w3.org/2001/XMLSchema-instance" xsi:noNamespaceSchemaLocation="https://maven.apache.org/surefire/maven-surefire-plugin/xsd/surefire-test-report.xsd" version="3.0.2" name="edu.pe.cibertec.runner.RunnerTest" time="49.904" tests="7" errors="0" skipped="0" failures="0">
  <properties>
[...]
</properties>
  <testcase name="Successful search for existing product" classname="Product Search" time="7.969">
    <system-out><![CDATA[
Scenario: Successful search for existing product                       &amp#27;[90m# src/test/resources/features/busqueda.feature:3&amp#27;[0m
  &amp#27;[32mGiven &amp#27;[0m&amp#27;[32mthe user is on the OpenCart home page&amp#27;[0m                          &amp#27;[90m# edu.pe.cibertec.stepdefinitions.CommonStepDefinitions.the_user_is_on_the_opencart_home_page()&amp#27;[0m
  &amp#27;[32mWhen &amp#27;[0m&amp#27;[32mthe user searches for the product &amp#27;[0m&amp#27;[32m&amp#27;[1m"MacBook"&amp#27;[0m                     &amp#27;[90m# edu.pe.cibertec.stepdefinitions.BusquedaStepDefinitions.the_user_searches_for_the_product(java.lang.String)&amp#27;[0m
  &amp#27;[32mThen &amp#27;[0m&amp#27;[32mthe user should see at least one result with the name &amp#27;[0m&amp#27;[32m&amp#27;[1m"MacBook"&amp#27;[0m &amp#27;[90m# edu.pe.cibertec.stepdefinitions.BusquedaStepDefinitions.the_user_should_see_at_least_one_result_with_the_name(java.lang.String)&amp#27;[0m
]]></system-out>
    <system-err><![CDATA[SLF4J(W): No SLF4J providers were found.
SLF4J(W): Defaulting to no-operation (NOP) logger implementation
SLF4J(W): See https://www.slf4j.org/codes.html#noProviders for further details.
ago. 16, 2026 4:10:42 A. M. org.openqa.selenium.devtools.CdpVersionFinder findNearestMatch
WARNING: Unable to find CDP implementation matching 151
ago. 16, 2026 4:10:42 A. M. org.openqa.selenium.chromium.ChromiumDriver lambda$new$4
WARNING: Unable to find version of CDP to use for 151.0.7922.138. You may need to include a dependency on a specific version of the CDP using something similar to `org.seleniumhq.selenium:selenium-devtools-v86:4.33.0` where the version ("v86") matches the version of the chromium-based browser you're using and the version number of the artifact is the same as Selenium's.
]]></system-err>
  </testcase>
  <testcase name="Search for non-existent product" classname="Product Search" time="6.804">
    <system-out><![CDATA[
Scenario: Search for non-existent product                                                      &amp#27;[90m# src/test/resources/features/busqueda.feature:8&amp#27;[0m
  &amp#27;[32mGiven &amp#27;[0m&amp#27;[32mthe user is on the OpenCart home page&amp#27;[0m                                                  &amp#27;[90m# edu.pe.cibertec.stepdefinitions.CommonStepDefinitions.the_user_is_on_the_opencart_home_page()&amp#27;[0m
  &amp#27;[32mWhen &amp#27;[0m&amp#27;[32mthe user searches for the product &amp#27;[0m&amp#27;[32m&amp#27;[1m"ProductoXYZ123"&amp#27;[0m                                      &amp#27;[90m# edu.pe.cibertec.stepdefinitions.BusquedaStepDefinitions.the_user_searches_for_the_product(java.lang.String)&amp#27;[0m
  &amp#27;[32mThen &amp#27;[0m&amp#27;[32mthe user should see the message &amp#27;[0m&amp#27;[32m&amp#27;[1m"There is no product that matches the search criteria."&amp#27;[0m &amp#27;[90m# edu.pe.cibertec.stepdefinitions.CommonStepDefinitions.the_user_should_see_the_message(java.lang.String)&amp#27;[0m
]]></system-out>
    <system-err><![CDATA[ago. 16, 2026 4:10:48 A. M. org.openqa.selenium.devtools.CdpVersionFinder findNearestMatch
WARNING: Unable to find CDP implementation matching 151
ago. 16, 2026 4:10:48 A. M. org.openqa.selenium.chromium.ChromiumDriver lambda$new$4
WARNING: Unable to find version of CDP to use for 151.0.7922.138. You may need to include a dependency on a specific version of the CDP using something similar to `org.seleniumhq.selenium:selenium-devtools-v86:4.33.0` where the version ("v86") matches the version of the chromium-based browser you're using and the version number of the artifact is the same as Selenium's.
]]></system-err>
  </testcase>
  <testcase name="Add product to cart" classname="Shopping Cart" time="7.811">
    <system-out><![CDATA[
Scenario: Add product to cart                         &amp#27;[90m# src/test/resources/features/carrito.feature:3&amp#27;[0m
  &amp#27;[32mGiven &amp#27;[0m&amp#27;[32mthe user is on the OpenCart home page&amp#27;[0m         &amp#27;[90m# edu.pe.cibertec.stepdefinitions.CommonStepDefinitions.the_user_is_on_the_opencart_home_page()&amp#27;[0m
  &amp#27;[32mWhen &amp#27;[0m&amp#27;[32mthe user adds the product &amp#27;[0m&amp#27;[32m&amp#27;[1m"iPhone"&amp#27;[0m&amp#27;[32m to the cart&amp#27;[0m &amp#27;[90m# edu.pe.cibertec.stepdefinitions.CarritoStepDefinitions.the_user_adds_the_product_to_the_cart(java.lang.String)&amp#27;[0m
  &amp#27;[32mThen &amp#27;[0m&amp#27;[32mthe cart should show &amp#27;[0m&amp#27;[32m&amp#27;[1m"1 item(s)"&amp#27;[0m               &amp#27;[90m# edu.pe.cibertec.stepdefinitions.CarritoStepDefinitions.the_cart_should_show(java.lang.String)&amp#27;[0m
]]></system-out>
    <system-err><![CDATA[ago. 16, 2026 4:10:55 A. M. org.openqa.selenium.devtools.CdpVersionFinder findNearestMatch
WARNING: Unable to find CDP implementation matching 151
ago. 16, 2026 4:10:55 A. M. org.openqa.selenium.chromium.ChromiumDriver lambda$new$4
WARNING: Unable to find version of CDP to use for 151.0.7922.138. You may need to include a dependency on a specific version of the CDP using something similar to `org.seleniumhq.selenium:selenium-devtools-v86:4.33.0` where the version ("v86") matches the version of the chromium-based browser you're using and the version number of the artifact is the same as Selenium's.
]]></system-err>
  </testcase>
  <testcase name="Verify product in cart" classname="Shopping Cart" time="8.102">
    <system-out><![CDATA[
Scenario: Verify product in cart                                  &amp#27;[90m# src/test/resources/features/carrito.feature:8&amp#27;[0m
  &amp#27;[32mGiven &amp#27;[0m&amp#27;[32mthe user is on the OpenCart home page&amp#27;[0m                     &amp#27;[90m# edu.pe.cibertec.stepdefinitions.CommonStepDefinitions.the_user_is_on_the_opencart_home_page()&amp#27;[0m
  &amp#27;[32mWhen &amp#27;[0m&amp#27;[32mthe user adds the product &amp#27;[0m&amp#27;[32m&amp#27;[1m"MacBook"&amp#27;[0m&amp#27;[32m to the cart&amp#27;[0m            &amp#27;[90m# edu.pe.cibertec.stepdefinitions.CarritoStepDefinitions.the_user_adds_the_product_to_the_cart(java.lang.String)&amp#27;[0m
  &amp#27;[32mAnd &amp#27;[0m&amp#27;[32mnavigates to the cart&amp#27;[0m                                       &amp#27;[90m# edu.pe.cibertec.stepdefinitions.CarritoStepDefinitions.navigates_to_the_cart()&amp#27;[0m
  &amp#27;[32mThen &amp#27;[0m&amp#27;[32mthe user should see the product &amp#27;[0m&amp#27;[32m&amp#27;[1m"MacBook"&amp#27;[0m&amp#27;[32m in the cart list&amp#27;[0m &amp#27;[90m# edu.pe.cibertec.stepdefinitions.CarritoStepDefinitions.the_user_should_see_the_product_in_the_cart_list(java.lang.String)&amp#27;[0m
]]></system-out>
    <system-err><![CDATA[ago. 16, 2026 4:11:03 A. M. org.openqa.selenium.devtools.CdpVersionFinder findNearestMatch
WARNING: Unable to find CDP implementation matching 151
ago. 16, 2026 4:11:03 A. M. org.openqa.selenium.chromium.ChromiumDriver lambda$new$4
WARNING: Unable to find version of CDP to use for 151.0.7922.138. You may need to include a dependency on a specific version of the CDP using something similar to `org.seleniumhq.selenium:selenium-devtools-v86:4.33.0` where the version ("v86") matches the version of the chromium-based browser you're using and the version number of the artifact is the same as Selenium's.
]]></system-err>
  </testcase>
  <testcase name="Successful login with valid credentials" classname="User Login" time="8.037">
    <system-out><![CDATA[
Scenario: Successful login with valid credentials                              &amp#27;[90m# src/test/resources/features/login.feature:3&amp#27;[0m
  &amp#27;[32mGiven &amp#27;[0m&amp#27;[32mthe user navigates to the login page&amp#27;[0m                                   &amp#27;[90m# edu.pe.cibertec.stepdefinitions.LoginStepDefinitions.the_user_navigates_to_the_login_page()&amp#27;[0m
  &amp#27;[32mWhen &amp#27;[0m&amp#27;[32mthe user enters email &amp#27;[0m&amp#27;[32m&amp#27;[1m"202403557@cibertec.pe"&amp#27;[0m&amp#27;[32m and password &amp#27;[0m&amp#27;[32m&amp#27;[1m"Test@12345"&amp#27;[0m &amp#27;[90m# edu.pe.cibertec.stepdefinitions.LoginStepDefinitions.the_user_enters_email_and_password(java.lang.String,java.lang.String)&amp#27;[0m
  &amp#27;[32mAnd &amp#27;[0m&amp#27;[32mclicks on the login button&amp#27;[0m                                               &amp#27;[90m# edu.pe.cibertec.stepdefinitions.LoginStepDefinitions.clicks_on_the_login_button()&amp#27;[0m
  &amp#27;[32mThen &amp#27;[0m&amp#27;[32mthe user should see the name &amp#27;[0m&amp#27;[32m&amp#27;[1m"Paloma"&amp#27;[0m&amp#27;[32m in the page header&amp#27;[0m                &amp#27;[90m# edu.pe.cibertec.stepdefinitions.LoginStepDefinitions.the_user_should_see_the_name_in_the_page_header(java.lang.String)&amp#27;[0m
]]></system-out>
    <system-err><![CDATA[ago. 16, 2026 4:11:11 A. M. org.openqa.selenium.devtools.CdpVersionFinder findNearestMatch
WARNING: Unable to find CDP implementation matching 151
ago. 16, 2026 4:11:11 A. M. org.openqa.selenium.chromium.ChromiumDriver lambda$new$4
WARNING: Unable to find version of CDP to use for 151.0.7922.138. You may need to include a dependency on a specific version of the CDP using something similar to `org.seleniumhq.selenium:selenium-devtools-v86:4.33.0` where the version ("v86") matches the version of the chromium-based browser you're using and the version number of the artifact is the same as Selenium's.
]]></system-err>
  </testcase>
  <testcase name="Failed login with wrong password" classname="User Login" time="4.714">
    <system-out><![CDATA[
Scenario: Failed login with wrong password                                                     &amp#27;[90m# src/test/resources/features/login.feature:9&amp#27;[0m
  &amp#27;[32mGiven &amp#27;[0m&amp#27;[32mthe user navigates to the login page&amp#27;[0m                                                   &amp#27;[90m# edu.pe.cibertec.stepdefinitions.LoginStepDefinitions.the_user_navigates_to_the_login_page()&amp#27;[0m
  &amp#27;[32mWhen &amp#27;[0m&amp#27;[32mthe user enters email &amp#27;[0m&amp#27;[32m&amp#27;[1m"202403557@cibertec.pe"&amp#27;[0m&amp#27;[32m and password &amp#27;[0m&amp#27;[32m&amp#27;[1m"wrongpass"&amp#27;[0m                  &amp#27;[90m# edu.pe.cibertec.stepdefinitions.LoginStepDefinitions.the_user_enters_email_and_password(java.lang.String,java.lang.String)&amp#27;[0m
  &amp#27;[32mAnd &amp#27;[0m&amp#27;[32mclicks on the login button&amp#27;[0m                                                               &amp#27;[90m# edu.pe.cibertec.stepdefinitions.LoginStepDefinitions.clicks_on_the_login_button()&amp#27;[0m
  &amp#27;[32mThen &amp#27;[0m&amp#27;[32mthe user should see the message &amp#27;[0m&amp#27;[32m&amp#27;[1m"Warning: No match for E-Mail Address and/or Password."&amp#27;[0m &amp#27;[90m# edu.pe.cibertec.stepdefinitions.CommonStepDefinitions.the_user_should_see_the_message(java.lang.String)&amp#27;[0m
]]></system-out>
    <system-err><![CDATA[ago. 16, 2026 4:11:19 A. M. org.openqa.selenium.devtools.CdpVersionFinder findNearestMatch
WARNING: Unable to find CDP implementation matching 151
ago. 16, 2026 4:11:19 A. M. org.openqa.selenium.chromium.ChromiumDriver lambda$new$4
WARNING: Unable to find version of CDP to use for 151.0.7922.138. You may need to include a dependency on a specific version of the CDP using something similar to `org.seleniumhq.selenium:selenium-devtools-v86:4.33.0` where the version ("v86") matches the version of the chromium-based browser you're using and the version number of the artifact is the same as Selenium's.
]]></system-err>
  </testcase>
  <testcase name="Successful registration with valid data" classname="User Registration" time="6.023">
    <system-out><![CDATA[
Scenario: Successful registration with valid data                                                                                                           &amp#27;[90m# src/test/resources/features/registro.feature:3&amp#27;[0m
  &amp#27;[32mGiven &amp#27;[0m&amp#27;[32mthe user navigates to the register page&amp#27;[0m                                                                                                             &amp#27;[90m# edu.pe.cibertec.stepdefinitions.RegistroStepDefinitions.the_user_navigates_to_the_register_page()&amp#27;[0m
  &amp#27;[32mWhen &amp#27;[0m&amp#27;[32mthe user fills the form with first name &amp#27;[0m&amp#27;[32m&amp#27;[1m"Paloma"&amp#27;[0m&amp#27;[32m, last name &amp#27;[0m&amp#27;[32m&amp#27;[1m"Grandez"&amp#27;[0m&amp#27;[32m, email &amp#27;[0m&amp#27;[32m&amp#27;[1m"202403557reg@cibertec.pe"&amp#27;[0m&amp#27;[32m, phone &amp#27;[0m&amp#27;[32m&amp#27;[1m"181156181"&amp#27;[0m&amp#27;[32m and password &amp#27;[0m&amp#27;[32m&amp#27;[1m"Test@12345"&amp#27;[0m &amp#27;[90m# edu.pe.cibertec.stepdefinitions.RegistroStepDefinitions.the_user_fills_the_form(java.lang.String,java.lang.String,java.lang.String,java.lang.String,java.lang.String)&amp#27;[0m
  &amp#27;[32mAnd &amp#27;[0m&amp#27;[32maccepts the privacy policy&amp#27;[0m                                                                                                                            &amp#27;[90m# edu.pe.cibertec.stepdefinitions.RegistroStepDefinitions.accepts_the_privacy_policy()&amp#27;[0m
  &amp#27;[32mAnd &amp#27;[0m&amp#27;[32mclicks on continue&amp#27;[0m                                                                                                                                    &amp#27;[90m# edu.pe.cibertec.stepdefinitions.RegistroStepDefinitions.clicks_on_continue()&amp#27;[0m
  &amp#27;[32mThen &amp#27;[0m&amp#27;[32mthe user should see the message &amp#27;[0m&amp#27;[32m&amp#27;[1m"Your Account Has Been Created!"&amp#27;[0m                                                                                     &amp#27;[90m# edu.pe.cibertec.stepdefinitions.CommonStepDefinitions.the_user_should_see_the_message(java.lang.String)&amp#27;[0m
]]></system-out>
    <system-err><![CDATA[ago. 16, 2026 4:11:23 A. M. org.openqa.selenium.devtools.CdpVersionFinder findNearestMatch
WARNING: Unable to find CDP implementation matching 151
ago. 16, 2026 4:11:23 A. M. org.openqa.selenium.chromium.ChromiumDriver lambda$new$4
WARNING: Unable to find version of CDP to use for 151.0.7922.138. You may need to include a dependency on a specific version of the CDP using something similar to `org.seleniumhq.selenium:selenium-devtools-v86:4.33.0` where the version ("v86") matches the version of the chromium-based browser you're using and the version number of the artifact is the same as Selenium's.
]]></system-err>
  </testcase>
</testsuite>